<?xml version="1.0" encoding="UTF-8"?>
<!-- Generated by org.testng.reporters.JUnitReportReporter -->
<testsuite hostname="DESKTOP-BTLKNVR" failures="0" tests="1" name="com.actitime.testScript.ss" time="42.240" errors="0" timestamp="2022-08-26T12:31:49 IST" skipped="0">
  <testcase classname="com.actitime.testScript.ss" name="dd" time="42.240"/>
  <system-out/>
</testsuite> <!-- com.actitime.testScript.ss -->
